/home/ros2_ws/install/uned_kheperaiv_webots/lib/python3.10/site-packages/uned_kheperaiv_webots/__init__.py
/home/ros2_ws/install/uned_kheperaiv_webots/lib/python3.10/site-packages/uned_kheperaiv_webots/turtlebot3burger_driver.py
/home/ros2_ws/install/uned_kheperaiv_webots/lib/python3.10/site-packages/uned_kheperaiv_webots/khepera_driver.py
/home/ros2_ws/install/uned_kheperaiv_webots/lib/python3.10/site-packages/uned_kheperaiv_webots/__pycache__/__init__.cpython-310.pyc
/home/ros2_ws/install/uned_kheperaiv_webots/lib/python3.10/site-packages/uned_kheperaiv_webots/__pycache__/turtlebot3burger_driver.cpython-310.pyc
/home/ros2_ws/install/uned_kheperaiv_webots/lib/python3.10/site-packages/uned_kheperaiv_webots/__pycache__/khepera_driver.cpython-310.pyc
/home/ros2_ws/install/uned_kheperaiv_webots/share/ament_index/resource_index/packages/uned_kheperaiv_webots
/home/ros2_ws/install/uned_kheperaiv_webots/share/uned_kheperaiv_webots/package.xml
/home/ros2_ws/install/uned_kheperaiv_webots/share/uned_kheperaiv_webots/resource/kheperaiv.urdf
/home/ros2_ws/install/uned_kheperaiv_webots/share/uned_kheperaiv_webots/resource/kheperaiv_IPC.urdf
/home/ros2_ws/install/uned_kheperaiv_webots/share/uned_kheperaiv_webots/resource/kheperaiv_ForceField.urdf
/home/ros2_ws/install/uned_kheperaiv_webots/share/uned_kheperaiv_webots/resource/ros2control.yml
/home/ros2_ws/install/uned_kheperaiv_webots/share/uned_kheperaiv_webots/resource/turtlebot3burger.urdf
/home/ros2_ws/install/uned_kheperaiv_webots/share/uned_kheperaiv_webots/resource/uned_kheperaiv_webots
/home/ros2_ws/install/uned_kheperaiv_webots/share/uned_kheperaiv_webots/resource/default_config.yaml
/home/ros2_ws/install/uned_kheperaiv_webots/lib/python3.10/site-packages/uned_kheperaiv_webots-0.0.0-py3.10.egg-info/SOURCES.txt
/home/ros2_ws/install/uned_kheperaiv_webots/lib/python3.10/site-packages/uned_kheperaiv_webots-0.0.0-py3.10.egg-info/zip-safe
/home/ros2_ws/install/uned_kheperaiv_webots/lib/python3.10/site-packages/uned_kheperaiv_webots-0.0.0-py3.10.egg-info/top_level.txt
/home/ros2_ws/install/uned_kheperaiv_webots/lib/python3.10/site-packages/uned_kheperaiv_webots-0.0.0-py3.10.egg-info/requires.txt
/home/ros2_ws/install/uned_kheperaiv_webots/lib/python3.10/site-packages/uned_kheperaiv_webots-0.0.0-py3.10.egg-info/entry_points.txt
/home/ros2_ws/install/uned_kheperaiv_webots/lib/python3.10/site-packages/uned_kheperaiv_webots-0.0.0-py3.10.egg-info/PKG-INFO
/home/ros2_ws/install/uned_kheperaiv_webots/lib/python3.10/site-packages/uned_kheperaiv_webots-0.0.0-py3.10.egg-info/dependency_links.txt
/home/ros2_ws/install/uned_kheperaiv_webots/lib/uned_kheperaiv_webots/khepera_driver
/home/ros2_ws/install/uned_kheperaiv_webots/lib/uned_kheperaiv_webots/turtlebot3burger_driver
