/home/ros2_ws/install/uned_kheperaiv_task/lib/python3.10/site-packages/uned_kheperaiv_task/shape_based_formation_control.py
/home/ros2_ws/install/uned_kheperaiv_task/lib/python3.10/site-packages/uned_kheperaiv_task/distance_based_formation_control.py
/home/ros2_ws/install/uned_kheperaiv_task/lib/python3.10/site-packages/uned_kheperaiv_task/__init__.py
/home/ros2_ws/install/uned_kheperaiv_task/lib/python3.10/site-packages/uned_kheperaiv_task/gazebo_driver.py
/home/ros2_ws/install/uned_kheperaiv_task/lib/python3.10/site-packages/uned_kheperaiv_task/__pycache__/shape_based_formation_control.cpython-310.pyc
/home/ros2_ws/install/uned_kheperaiv_task/lib/python3.10/site-packages/uned_kheperaiv_task/__pycache__/distance_based_formation_control.cpython-310.pyc
/home/ros2_ws/install/uned_kheperaiv_task/lib/python3.10/site-packages/uned_kheperaiv_task/__pycache__/__init__.cpython-310.pyc
/home/ros2_ws/install/uned_kheperaiv_task/lib/python3.10/site-packages/uned_kheperaiv_task/__pycache__/gazebo_driver.cpython-310.pyc
/home/ros2_ws/install/uned_kheperaiv_task/share/ament_index/resource_index/packages/uned_kheperaiv_task
/home/ros2_ws/install/uned_kheperaiv_task/share/uned_kheperaiv_task/package.xml
/home/ros2_ws/install/uned_kheperaiv_task/lib/python3.10/site-packages/uned_kheperaiv_task-0.0.0-py3.10.egg-info/SOURCES.txt
/home/ros2_ws/install/uned_kheperaiv_task/lib/python3.10/site-packages/uned_kheperaiv_task-0.0.0-py3.10.egg-info/zip-safe
/home/ros2_ws/install/uned_kheperaiv_task/lib/python3.10/site-packages/uned_kheperaiv_task-0.0.0-py3.10.egg-info/top_level.txt
/home/ros2_ws/install/uned_kheperaiv_task/lib/python3.10/site-packages/uned_kheperaiv_task-0.0.0-py3.10.egg-info/requires.txt
/home/ros2_ws/install/uned_kheperaiv_task/lib/python3.10/site-packages/uned_kheperaiv_task-0.0.0-py3.10.egg-info/entry_points.txt
/home/ros2_ws/install/uned_kheperaiv_task/lib/python3.10/site-packages/uned_kheperaiv_task-0.0.0-py3.10.egg-info/PKG-INFO
/home/ros2_ws/install/uned_kheperaiv_task/lib/python3.10/site-packages/uned_kheperaiv_task-0.0.0-py3.10.egg-info/dependency_links.txt
/home/ros2_ws/install/uned_kheperaiv_task/lib/uned_kheperaiv_task/distance_based_formation_control
/home/ros2_ws/install/uned_kheperaiv_task/lib/uned_kheperaiv_task/gazebo_driver
/home/ros2_ws/install/uned_kheperaiv_task/lib/uned_kheperaiv_task/shape_based_formation_control
